<?xml version="1.0" encoding="UTF-8"?>
<testng-results ignored="0" total="1" passed="1" failed="0" skipped="0">
  <reporter-output>
  </reporter-output>
  <suite started-at="2023-01-22T15:32:28 EET" name="Default suite" finished-at="2023-01-22T15:32:40 EET" duration-ms="12422">
    <groups>
    </groups>
    <test started-at="2023-01-22T15:32:28 EET" name="Default test" finished-at="2023-01-22T15:32:40 EET" duration-ms="12422">
      <class name="tests.CheckProductValueTest">
        <test-method is-config="true" signature="startDriver(java.lang.String)[pri:0, instance:tests.CheckProductValueTest@2c767a52]" started-at="2023-01-22T15:32:25 EET" name="startDriver" finished-at="2023-01-22T15:32:28 EET" duration-ms="2743" status="PASS">
          <params>
            <param index="0">
              <value>
                <![CDATA[chrome]]>
              </value>
            </param>
          </params>
          <reporter-output>
          </reporter-output>
        </test-method> <!-- startDriver -->
        <test-method signature="OrderCycle()[pri:1, instance:tests.CheckProductValueTest@2c767a52]" started-at="2023-01-22T15:32:28 EET" name="OrderCycle" finished-at="2023-01-22T15:32:40 EET" duration-ms="12357" status="PASS">
          <reporter-output>
          </reporter-output>
        </test-method> <!-- OrderCycle -->
        <test-method is-config="true" signature="stopDriver()[pri:0, instance:tests.CheckProductValueTest@2c767a52]" started-at="2023-01-22T15:32:40 EET" name="stopDriver" finished-at="2023-01-22T15:32:41 EET" duration-ms="322" status="PASS">
          <reporter-output>
          </reporter-output>
        </test-method> <!-- stopDriver -->
      </class> <!-- tests.CheckProductValueTest -->
    </test> <!-- Default test -->
  </suite> <!-- Default suite -->
</testng-results>
